[11-Mar-2020 08:47:06 Europe/Moscow] PHP Warning:  Invalid argument supplied for foreach() in /home/s/stroymag/gig-stroy.ru/public_html/public/moysklad/index.php on line 99
[11-Mar-2020 11:43:50 Europe/Moscow] PHP Warning:  Invalid argument supplied for foreach() in /home/s/stroymag/gig-stroy.ru/public_html/public/moysklad/index.php on line 99
[27-Mar-2020 17:16:30 Europe/Moscow] PHP Warning:  Invalid argument supplied for foreach() in /home/s/stroymag/gig-stroy.ru/public_html/public/moysklad/index.php on line 99
[27-Mar-2020 17:16:30 Europe/Moscow] PHP Notice:  Undefined index: id in /home/s/stroymag/gig-stroy.ru/public_html/public/moysklad/index.php on line 122
[27-Mar-2020 17:16:30 Europe/Moscow] PHP Notice:  Undefined index: accountId in /home/s/stroymag/gig-stroy.ru/public_html/public/moysklad/index.php on line 124
[27-Mar-2020 17:28:36 Europe/Moscow] PHP Warning:  Invalid argument supplied for foreach() in /home/s/stroymag/gig-stroy.ru/public_html/public/moysklad/index.php on line 99
[27-Mar-2020 17:28:36 Europe/Moscow] PHP Notice:  Undefined index: id in /home/s/stroymag/gig-stroy.ru/public_html/public/moysklad/index.php on line 122
[27-Mar-2020 17:28:36 Europe/Moscow] PHP Notice:  Undefined index: accountId in /home/s/stroymag/gig-stroy.ru/public_html/public/moysklad/index.php on line 124
[27-Mar-2020 17:45:11 Europe/Moscow] PHP Warning:  Invalid argument supplied for foreach() in /home/s/stroymag/gig-stroy.ru/public_html/public/moysklad/index.php on line 99
[27-Mar-2020 17:45:11 Europe/Moscow] PHP Notice:  Undefined index: id in /home/s/stroymag/gig-stroy.ru/public_html/public/moysklad/index.php on line 122
[27-Mar-2020 17:45:11 Europe/Moscow] PHP Notice:  Undefined index: accountId in /home/s/stroymag/gig-stroy.ru/public_html/public/moysklad/index.php on line 124
[06-Jul-2020 16:11:52 Europe/Moscow] PHP Warning:  Invalid argument supplied for foreach() in /home/s/stroymag/gig-stroy.ru/public_html/public/moysklad/index.php on line 99
[06-Jul-2020 16:11:52 Europe/Moscow] PHP Notice:  Undefined index: id in /home/s/stroymag/gig-stroy.ru/public_html/public/moysklad/index.php on line 122
[06-Jul-2020 16:11:52 Europe/Moscow] PHP Notice:  Undefined index: accountId in /home/s/stroymag/gig-stroy.ru/public_html/public/moysklad/index.php on line 124
[06-Jul-2020 16:12:03 Europe/Moscow] PHP Warning:  Invalid argument supplied for foreach() in /home/s/stroymag/gig-stroy.ru/public_html/public/moysklad/index.php on line 99
[06-Jul-2020 16:12:03 Europe/Moscow] PHP Notice:  Undefined index: id in /home/s/stroymag/gig-stroy.ru/public_html/public/moysklad/index.php on line 122
[06-Jul-2020 16:12:03 Europe/Moscow] PHP Notice:  Undefined index: accountId in /home/s/stroymag/gig-stroy.ru/public_html/public/moysklad/index.php on line 124
[06-Jul-2020 16:12:03 Europe/Moscow] PHP Warning:  Invalid argument supplied for foreach() in /home/s/stroymag/gig-stroy.ru/public_html/public/moysklad/index.php on line 99
[06-Jul-2020 16:12:03 Europe/Moscow] PHP Notice:  Undefined index: id in /home/s/stroymag/gig-stroy.ru/public_html/public/moysklad/index.php on line 122
[06-Jul-2020 16:12:03 Europe/Moscow] PHP Notice:  Undefined index: accountId in /home/s/stroymag/gig-stroy.ru/public_html/public/moysklad/index.php on line 124
[06-Jul-2020 16:12:08 Europe/Moscow] PHP Warning:  Invalid argument supplied for foreach() in /home/s/stroymag/gig-stroy.ru/public_html/public/moysklad/index.php on line 99
[06-Jul-2020 16:12:08 Europe/Moscow] PHP Notice:  Undefined index: id in /home/s/stroymag/gig-stroy.ru/public_html/public/moysklad/index.php on line 122
[06-Jul-2020 16:12:08 Europe/Moscow] PHP Notice:  Undefined index: accountId in /home/s/stroymag/gig-stroy.ru/public_html/public/moysklad/index.php on line 124
[06-Jul-2020 16:12:09 Europe/Moscow] PHP Warning:  Invalid argument supplied for foreach() in /home/s/stroymag/gig-stroy.ru/public_html/public/moysklad/index.php on line 99
[06-Jul-2020 16:12:09 Europe/Moscow] PHP Notice:  Undefined index: id in /home/s/stroymag/gig-stroy.ru/public_html/public/moysklad/index.php on line 122
[06-Jul-2020 16:12:09 Europe/Moscow] PHP Notice:  Undefined index: accountId in /home/s/stroymag/gig-stroy.ru/public_html/public/moysklad/index.php on line 124
[06-Jul-2020 16:12:15 Europe/Moscow] PHP Warning:  Invalid argument supplied for foreach() in /home/s/stroymag/gig-stroy.ru/public_html/public/moysklad/index.php on line 99
[06-Jul-2020 16:12:15 Europe/Moscow] PHP Notice:  Undefined index: id in /home/s/stroymag/gig-stroy.ru/public_html/public/moysklad/index.php on line 122
[06-Jul-2020 16:12:15 Europe/Moscow] PHP Notice:  Undefined index: accountId in /home/s/stroymag/gig-stroy.ru/public_html/public/moysklad/index.php on line 124
[06-Jul-2020 16:12:17 Europe/Moscow] PHP Warning:  Invalid argument supplied for foreach() in /home/s/stroymag/gig-stroy.ru/public_html/public/moysklad/index.php on line 99
[06-Jul-2020 16:12:17 Europe/Moscow] PHP Notice:  Undefined index: id in /home/s/stroymag/gig-stroy.ru/public_html/public/moysklad/index.php on line 122
[06-Jul-2020 16:12:17 Europe/Moscow] PHP Notice:  Undefined index: accountId in /home/s/stroymag/gig-stroy.ru/public_html/public/moysklad/index.php on line 124
[06-Jul-2020 16:12:17 Europe/Moscow] PHP Warning:  Invalid argument supplied for foreach() in /home/s/stroymag/gig-stroy.ru/public_html/public/moysklad/index.php on line 99
[06-Jul-2020 16:12:18 Europe/Moscow] PHP Warning:  Invalid argument supplied for foreach() in /home/s/stroymag/gig-stroy.ru/public_html/public/moysklad/index.php on line 99
[06-Jul-2020 16:12:18 Europe/Moscow] PHP Notice:  Undefined index: id in /home/s/stroymag/gig-stroy.ru/public_html/public/moysklad/index.php on line 122
[06-Jul-2020 16:12:18 Europe/Moscow] PHP Notice:  Undefined index: accountId in /home/s/stroymag/gig-stroy.ru/public_html/public/moysklad/index.php on line 124
[06-Jul-2020 16:12:18 Europe/Moscow] PHP Notice:  Undefined index: id in /home/s/stroymag/gig-stroy.ru/public_html/public/moysklad/index.php on line 122
[06-Jul-2020 16:12:18 Europe/Moscow] PHP Notice:  Undefined index: accountId in /home/s/stroymag/gig-stroy.ru/public_html/public/moysklad/index.php on line 124
[06-Jul-2020 16:12:18 Europe/Moscow] PHP Warning:  Invalid argument supplied for foreach() in /home/s/stroymag/gig-stroy.ru/public_html/public/moysklad/index.php on line 99
[06-Jul-2020 16:12:18 Europe/Moscow] PHP Notice:  Undefined index: id in /home/s/stroymag/gig-stroy.ru/public_html/public/moysklad/index.php on line 122
[06-Jul-2020 16:12:18 Europe/Moscow] PHP Notice:  Undefined index: accountId in /home/s/stroymag/gig-stroy.ru/public_html/public/moysklad/index.php on line 124
[06-Jul-2020 16:12:24 Europe/Moscow] PHP Warning:  Invalid argument supplied for foreach() in /home/s/stroymag/gig-stroy.ru/public_html/public/moysklad/index.php on line 99
[06-Jul-2020 16:12:24 Europe/Moscow] PHP Notice:  Undefined index: id in /home/s/stroymag/gig-stroy.ru/public_html/public/moysklad/index.php on line 122
[06-Jul-2020 16:12:24 Europe/Moscow] PHP Notice:  Undefined index: accountId in /home/s/stroymag/gig-stroy.ru/public_html/public/moysklad/index.php on line 124
[06-Jul-2020 16:12:24 Europe/Moscow] PHP Warning:  Invalid argument supplied for foreach() in /home/s/stroymag/gig-stroy.ru/public_html/public/moysklad/index.php on line 99
[06-Jul-2020 16:12:24 Europe/Moscow] PHP Notice:  Undefined index: id in /home/s/stroymag/gig-stroy.ru/public_html/public/moysklad/index.php on line 122
[06-Jul-2020 16:12:24 Europe/Moscow] PHP Notice:  Undefined index: accountId in /home/s/stroymag/gig-stroy.ru/public_html/public/moysklad/index.php on line 124
[06-Jul-2020 16:12:27 Europe/Moscow] PHP Warning:  Invalid argument supplied for foreach() in /home/s/stroymag/gig-stroy.ru/public_html/public/moysklad/index.php on line 99
[06-Jul-2020 16:12:27 Europe/Moscow] PHP Notice:  Undefined index: id in /home/s/stroymag/gig-stroy.ru/public_html/public/moysklad/index.php on line 122
[06-Jul-2020 16:12:27 Europe/Moscow] PHP Notice:  Undefined index: accountId in /home/s/stroymag/gig-stroy.ru/public_html/public/moysklad/index.php on line 124
[06-Jul-2020 16:12:27 Europe/Moscow] PHP Warning:  Invalid argument supplied for foreach() in /home/s/stroymag/gig-stroy.ru/public_html/public/moysklad/index.php on line 99
[06-Jul-2020 16:12:27 Europe/Moscow] PHP Notice:  Undefined index: id in /home/s/stroymag/gig-stroy.ru/public_html/public/moysklad/index.php on line 122
[06-Jul-2020 16:12:27 Europe/Moscow] PHP Notice:  Undefined index: accountId in /home/s/stroymag/gig-stroy.ru/public_html/public/moysklad/index.php on line 124
[06-Jul-2020 16:12:30 Europe/Moscow] PHP Warning:  Invalid argument supplied for foreach() in /home/s/stroymag/gig-stroy.ru/public_html/public/moysklad/index.php on line 99
[06-Jul-2020 16:12:30 Europe/Moscow] PHP Notice:  Undefined index: id in /home/s/stroymag/gig-stroy.ru/public_html/public/moysklad/index.php on line 122
[06-Jul-2020 16:12:30 Europe/Moscow] PHP Notice:  Undefined index: accountId in /home/s/stroymag/gig-stroy.ru/public_html/public/moysklad/index.php on line 124
[06-Jul-2020 16:12:32 Europe/Moscow] PHP Warning:  Invalid argument supplied for foreach() in /home/s/stroymag/gig-stroy.ru/public_html/public/moysklad/index.php on line 99
[06-Jul-2020 16:12:32 Europe/Moscow] PHP Notice:  Undefined index: id in /home/s/stroymag/gig-stroy.ru/public_html/public/moysklad/index.php on line 122
[06-Jul-2020 16:12:32 Europe/Moscow] PHP Notice:  Undefined index: accountId in /home/s/stroymag/gig-stroy.ru/public_html/public/moysklad/index.php on line 124
[06-Jul-2020 16:12:34 Europe/Moscow] PHP Warning:  Invalid argument supplied for foreach() in /home/s/stroymag/gig-stroy.ru/public_html/public/moysklad/index.php on line 99
[06-Jul-2020 16:12:34 Europe/Moscow] PHP Notice:  Undefined index: id in /home/s/stroymag/gig-stroy.ru/public_html/public/moysklad/index.php on line 122
[06-Jul-2020 16:12:34 Europe/Moscow] PHP Notice:  Undefined index: accountId in /home/s/stroymag/gig-stroy.ru/public_html/public/moysklad/index.php on line 124
